d:\download\s3\computer graphics - game-157-0na\sifan_wen_a3\sifan_wen_componentframework25.0.0\componentframework\debug\vc143.pdb
d:\download\s3\computer graphics - game-157-0na\sifan_wen_a3\sifan_wen_componentframework25.0.0\componentframework\debug\vc143.idb
d:\download\s3\computer graphics - game-157-0na\sifan_wen_a3\sifan_wen_componentframework25.0.0\componentframework\debug\timer.obj
d:\download\s3\computer graphics - game-157-0na\sifan_wen_a3\sifan_wen_componentframework25.0.0\componentframework\debug\texture.obj
d:\download\s3\computer graphics - game-157-0na\sifan_wen_a3\sifan_wen_componentframework25.0.0\componentframework\debug\skybox.obj
d:\download\s3\computer graphics - game-157-0na\sifan_wen_a3\sifan_wen_componentframework25.0.0\componentframework\debug\scene1p.obj
d:\download\s3\computer graphics - game-157-0na\sifan_wen_a3\sifan_wen_componentframework25.0.0\componentframework\debug\shader.obj
d:\download\s3\computer graphics - game-157-0na\sifan_wen_a3\sifan_wen_componentframework25.0.0\componentframework\debug\scene0g.obj
d:\download\s3\computer graphics - game-157-0na\sifan_wen_a3\sifan_wen_componentframework25.0.0\componentframework\debug\main.obj
d:\download\s3\computer graphics - game-157-0na\sifan_wen_a3\sifan_wen_componentframework25.0.0\componentframework\debug\scenemanager.obj
d:\download\s3\computer graphics - game-157-0na\sifan_wen_a3\sifan_wen_componentframework25.0.0\componentframework\debug\scene4g.obj
d:\download\s3\computer graphics - game-157-0na\sifan_wen_a3\sifan_wen_componentframework25.0.0\componentframework\debug\scene3p.obj
d:\download\s3\computer graphics - game-157-0na\sifan_wen_a3\sifan_wen_componentframework25.0.0\componentframework\debug\scene3g.obj
d:\download\s3\computer graphics - game-157-0na\sifan_wen_a3\sifan_wen_componentframework25.0.0\componentframework\debug\scene2p.obj
d:\download\s3\computer graphics - game-157-0na\sifan_wen_a3\sifan_wen_componentframework25.0.0\componentframework\debug\scene2g.obj
d:\download\s3\computer graphics - game-157-0na\sifan_wen_a3\sifan_wen_componentframework25.0.0\componentframework\debug\scene1g.obj
d:\download\s3\computer graphics - game-157-0na\sifan_wen_a3\sifan_wen_componentframework25.0.0\componentframework\debug\scene0p.obj
d:\download\s3\computer graphics - game-157-0na\sifan_wen_a3\sifan_wen_componentframework25.0.0\componentframework\debug\mesh.obj
d:\download\s3\computer graphics - game-157-0na\sifan_wen_a3\sifan_wen_componentframework25.0.0\componentframework\debug\debug.obj
d:\download\s3\computer graphics - game-157-0na\sifan_wen_a3\sifan_wen_componentframework25.0.0\componentframework\debug\collision.obj
d:\download\s3\computer graphics - game-157-0na\sifan_wen_a3\sifan_wen_componentframework25.0.0\componentframework\debug\camera.obj
d:\download\s3\computer graphics - game-157-0na\sifan_wen_a3\sifan_wen_componentframework25.0.0\componentframework\debug\body.obj
d:\download\s3\computer graphics - game-157-0na\sifan_wen_a3\sifan_wen_componentframework25.0.0\componentframework\debug\window.obj
d:\download\s3\computer graphics - game-157-0na\sifan_wen_a3\sifan_wen_componentframework25.0.0\componentframework\debug\trackball.obj
d:\download\s3\computer graphics - game-157-0na\sifan_wen_a3\sifan_wen_componentframework25.0.0\debug\componentframework.exe
d:\download\s3\computer graphics - game-157-0na\sifan_wen_a3\sifan_wen_componentframework25.0.0\debug\componentframework.pdb
d:\download\s3\computer graphics - game-157-0na\sifan_wen_a3\sifan_wen_componentframework25.0.0\componentframework\debug\componentframework.ilk
d:\code\a3_skybox\componentframework\debug\body.obj
d:\code\a3_skybox\componentframework\debug\camera.obj
d:\code\a3_skybox\componentframework\debug\collision.obj
d:\code\a3_skybox\componentframework\debug\debug.obj
d:\code\a3_skybox\componentframework\debug\main.obj
d:\code\a3_skybox\componentframework\debug\mesh.obj
d:\code\a3_skybox\componentframework\debug\scene0g.obj
d:\code\a3_skybox\componentframework\debug\scene0p.obj
d:\code\a3_skybox\componentframework\debug\scene1g.obj
d:\code\a3_skybox\componentframework\debug\scene1p.obj
d:\code\a3_skybox\componentframework\debug\scene2g.obj
d:\code\a3_skybox\componentframework\debug\scene2p.obj
d:\code\a3_skybox\componentframework\debug\scene3g.obj
d:\code\a3_skybox\componentframework\debug\scene3p.obj
d:\code\a3_skybox\componentframework\debug\scene4g.obj
d:\code\a3_skybox\componentframework\debug\scenemanager.obj
d:\code\a3_skybox\componentframework\debug\shader.obj
d:\code\a3_skybox\componentframework\debug\skybox.obj
d:\code\a3_skybox\componentframework\debug\texture.obj
d:\code\a3_skybox\componentframework\debug\timer.obj
d:\code\a3_skybox\componentframework\debug\trackball.obj
d:\code\a3_skybox\componentframework\debug\window.obj
d:\code\a3_skybox\componentframework\debug\componentframework.ilk
d:\code\a3_skybox\componentframework\debug\vc143.idb
d:\code\a3_skybox\componentframework\debug\vc143.pdb
d:\code\a3_skybox\debug\componentframework.pdb
d:\code\a3_skybox\debug\componentframework.exe
d:\code\a3_skybox\componentframework\debug\componen.614c2865.tlog\cl.command.1.tlog
d:\code\a3_skybox\componentframework\debug\componen.614c2865.tlog\cl.items.tlog
d:\code\a3_skybox\componentframework\debug\componen.614c2865.tlog\cl.read.1.tlog
d:\code\a3_skybox\componentframework\debug\componen.614c2865.tlog\cl.write.1.tlog
d:\code\a3_skybox\componentframework\debug\componen.614c2865.tlog\link.command.1.tlog
d:\code\a3_skybox\componentframework\debug\componen.614c2865.tlog\link.read.1.tlog
d:\code\a3_skybox\componentframework\debug\componen.614c2865.tlog\link.secondary.1.tlog
d:\code\a3_skybox\componentframework\debug\componen.614c2865.tlog\link.write.1.tlog
